<?xml version="1.0" encoding="UTF-8"?>
<!-- Generated by org.testng.reporters.JUnitXMLReporter -->
<testsuite hostname="Diya" ignored="1" name="Smoke Test" tests="1" failures="0" timestamp="2022-12-12T17:43:12 GMT" time="6.567" errors="0">
  <testcase name="userShouldNavigateToForgotPasswordPageSuccessfully" time="0.707" classname="com.oranghrmlive.demo.testsuite.LoginPageTest"/>
  <testcase name="userShouldLoginSuccessfullyWithValidCredentials" time="0.0" classname="com.oranghrmlive.demo.testsuite.LoginPageTest">
    <ignored/>
  </testcase> <!-- userShouldLoginSuccessfullyWithValidCredentials -->
</testsuite> <!-- Smoke Test -->
