<?xml version="1.0" encoding="UTF-8"?>
<!-- Generated by org.testng.reporters.JUnitXMLReporter -->
<testsuite hostname="Diya" ignored="1" name="Sanity Test" tests="1" failures="0" timestamp="2022-12-12T17:42:19 GMT" time="7.98" errors="0">
  <testcase name="userShouldLoginSuccessfullyWithValidCredentials" time="1.544" classname="com.oranghrmlive.demo.testsuite.LoginPageTest"/>
  <testcase name="userShouldNavigateToForgotPasswordPageSuccessfully" time="0.0" classname="com.oranghrmlive.demo.testsuite.LoginPageTest">
    <ignored/>
  </testcase> <!-- userShouldNavigateToForgotPasswordPageSuccessfully -->
</testsuite> <!-- Sanity Test -->
