<?xml version="1.0" encoding="UTF-8"?>
<!-- Generated by org.testng.reporters.JUnitXMLReporter -->
<testsuite hostname="Diya" ignored="0" name="Regression Test" tests="2" failures="0" timestamp="2022-12-12T17:41:15 GMT" time="11.432" errors="0">
  <testcase name="userShouldLoginSuccessfullyWithValidCredentials" time="1.36" classname="com.oranghrmlive.demo.testsuite.LoginPageTest"/>
  <testcase name="userShouldNavigateToForgotPasswordPageSuccessfully" time="1.236" classname="com.oranghrmlive.demo.testsuite.LoginPageTest"/>
</testsuite> <!-- Regression Test -->
