<?xml version="1.0" encoding="UTF-8"?>
<!-- Generated by org.testng.reporters.JUnitXMLReporter -->
<testsuite hostname="Diya" ignored="0" name="Login Test" tests="2" failures="0" timestamp="2022-12-12T17:44:36 GMT" time="11.635" errors="0">
  <testcase name="userShouldLoginSuccessfullyWithValidCredentials" time="1.384" classname="com.oranghrmlive.demo.testsuite.LoginPageTest"/>
  <testcase name="userShouldNavigateToForgotPasswordPageSuccessfully" time="0.674" classname="com.oranghrmlive.demo.testsuite.LoginPageTest"/>
</testsuite> <!-- Login Test -->
